<?xml version="1.0" encoding="UTF-8"?>
<testng-results skipped="0" failed="0" ignored="0" total="1" passed="1">
  <reporter-output>
  </reporter-output>
  <suite name="Suite" duration-ms="12160" started-at="2019-02-08T19:16:02Z" finished-at="2019-02-08T19:16:14Z">
    <groups>
    </groups>
    <test name="Test" duration-ms="12160" started-at="2019-02-08T19:16:02Z" finished-at="2019-02-08T19:16:14Z">
      <class name="BPA2.NewTest">
        <test-method status="PASS" signature="beforeTest()[pri:0, instance:BPA2.NewTest@3498ed]" name="beforeTest" is-config="true" duration-ms="5356" started-at="2019-02-08T19:16:02Z" finished-at="2019-02-08T19:16:07Z">
          <reporter-output>
          </reporter-output>
        </test-method> <!-- beforeTest -->
        <test-method status="PASS" signature="testEasy()[pri:0, instance:BPA2.NewTest@3498ed]" name="testEasy" duration-ms="5649" started-at="2019-02-08T19:16:07Z" finished-at="2019-02-08T19:16:13Z">
          <reporter-output>
          </reporter-output>
        </test-method> <!-- testEasy -->
        <test-method status="PASS" signature="afterTest()[pri:0, instance:BPA2.NewTest@3498ed]" name="afterTest" is-config="true" duration-ms="1150" started-at="2019-02-08T19:16:13Z" finished-at="2019-02-08T19:16:14Z">
          <reporter-output>
          </reporter-output>
        </test-method> <!-- afterTest -->
      </class> <!-- BPA2.NewTest -->
    </test> <!-- Test -->
  </suite> <!-- Suite -->
</testng-results>
