<?xml version="1.0" encoding="UTF-8"?>
<testng-results skipped="0" failed="0" ignored="0" total="1" passed="1">
  <reporter-output>
  </reporter-output>
  <suite name="Suite" duration-ms="15434" started-at="2019-02-08T17:33:00Z" finished-at="2019-02-08T17:33:15Z">
    <groups>
    </groups>
    <test name="Test" duration-ms="15434" started-at="2019-02-08T17:33:00Z" finished-at="2019-02-08T17:33:15Z">
      <class name="BPA2.NewTest">
        <test-method status="PASS" signature="beforeTest()[pri:0, instance:BPA2.NewTest@7403c468]" name="beforeTest" is-config="true" duration-ms="6639" started-at="2019-02-08T17:33:00Z" finished-at="2019-02-08T17:33:07Z">
          <reporter-output>
          </reporter-output>
        </test-method> <!-- beforeTest -->
        <test-method status="PASS" signature="testEasy()[pri:0, instance:BPA2.NewTest@7403c468]" name="testEasy" duration-ms="6792" started-at="2019-02-08T17:33:07Z" finished-at="2019-02-08T17:33:13Z">
          <reporter-output>
          </reporter-output>
        </test-method> <!-- testEasy -->
        <test-method status="PASS" signature="afterTest()[pri:0, instance:BPA2.NewTest@7403c468]" name="afterTest" is-config="true" duration-ms="1982" started-at="2019-02-08T17:33:13Z" finished-at="2019-02-08T17:33:15Z">
          <reporter-output>
          </reporter-output>
        </test-method> <!-- afterTest -->
      </class> <!-- BPA2.NewTest -->
    </test> <!-- Test -->
  </suite> <!-- Suite -->
</testng-results>
