<?xml version="1.0" encoding="UTF-8"?>
<testng-results skipped="0" failed="0" ignored="0" total="1" passed="1">
  <reporter-output>
  </reporter-output>
  <suite name="Default suite" duration-ms="15465" started-at="2019-02-16T19:30:13Z" finished-at="2019-02-16T19:30:29Z">
    <groups>
    </groups>
    <test name="Default test" duration-ms="15465" started-at="2019-02-16T19:30:13Z" finished-at="2019-02-16T19:30:29Z">
      <class name="BPA2.NewTest">
        <test-method status="PASS" signature="beforeTest()[pri:0, instance:BPA2.NewTest@7403c468]" name="beforeTest" is-config="true" duration-ms="6572" started-at="2019-02-16T19:30:13Z" finished-at="2019-02-16T19:30:20Z">
          <reporter-output>
          </reporter-output>
        </test-method> <!-- beforeTest -->
        <test-method status="PASS" signature="testEasy()[pri:0, instance:BPA2.NewTest@7403c468]" name="testEasy" duration-ms="7014" started-at="2019-02-16T19:30:20Z" finished-at="2019-02-16T19:30:27Z">
          <reporter-output>
          </reporter-output>
        </test-method> <!-- testEasy -->
        <test-method status="PASS" signature="afterTest()[pri:0, instance:BPA2.NewTest@7403c468]" name="afterTest" is-config="true" duration-ms="1861" started-at="2019-02-16T19:30:27Z" finished-at="2019-02-16T19:30:29Z">
          <reporter-output>
          </reporter-output>
        </test-method> <!-- afterTest -->
      </class> <!-- BPA2.NewTest -->
    </test> <!-- Default test -->
  </suite> <!-- Default suite -->
</testng-results>
